
> paysheet-automation-ui@1.0.0 dev
> vite --host 0.0.0.0


  [32m[1mVITE[22m v5.4.21[39m  [2mready in [0m[1m2596[22m[2m[0m ms[22m

  [32m➜[39m  [1mLocal[22m:   [36mhttp://localhost:[1m5173[22m/[39m
  [32m➜[39m  [1mNetwork[22m: [36mhttp://192.168.1.10:[1m5173[22m/[39m
[2m2:59:53 am[22m [36m[1m[vite][22m[39m [32mhmr update [39m[2m/src/App.jsx, /style.css[22m
[2m3:01:49 am[22m [36m[1m[vite][22m[39m [32mhmr update [39m[2m/src/App.jsx, /style.css[22m
[2m3:04:55 am[22m [36m[1m[vite][22m[39m [32mhmr update [39m[2m/src/App.jsx, /style.css[22m
[2m9:39:06 am[22m [36m[1m[vite][22m[39m [32mhmr update [39m[2m/style.css, /src/App.jsx[22m
[2m9:39:20 am[22m [36m[1m[vite][22m[39m [32mhmr update [39m[2m/src/App.jsx, /style.css[22m
[2m9:39:30 am[22m [36m[1m[vite][22m[39m [32mhmr update [39m[2m/src/App.jsx, /style.css[22m
[2m9:48:21 am[22m [36m[1m[vite][22m[39m [32mhmr update [39m[2m/src/components/Icon.jsx, /style.css[22m
[2m9:48:21 am[22m [36m[1m[vite][22m[39m [32mhmr update [39m[2m/src/App.jsx, /style.css[22m
[2m9:48:37 am[22m [36m[1m[vite][22m[39m [32mhmr update [39m[2m/src/App.jsx, /style.css[22m
[2m10:34:41 am[22m [36m[1m[vite][22m[39m [32mhmr update [39m[2m/src/App.jsx, /style.css[22m
[2m10:34:52 am[22m [36m[1m[vite][22m[39m [32mhmr update [39m[2m/src/App.jsx, /style.css[22m
[2m10:35:11 am[22m [36m[1m[vite][22m[39m [32mhmr update [39m[2m/src/App.jsx, /style.css[22m
[2m10:35:24 am[22m [36m[1m[vite][22m[39m [32mhmr update [39m[2m/src/App.jsx, /style.css[22m
[2m10:35:40 am[22m [36m[1m[vite][22m[39m [32mhmr update [39m[2m/src/App.jsx, /style.css[22m
[2m10:35:52 am[22m [36m[1m[vite][22m[39m [32mhmr update [39m[2m/src/App.jsx, /style.css[22m
[2m10:45:09 am[22m [36m[1m[vite][22m[39m [32mhmr update [39m[2m/src/App.jsx, /style.css[22m
[2m10:45:25 am[22m [36m[1m[vite][22m[39m [32mhmr update [39m[2m/src/App.jsx, /style.css[22m
[2m10:54:11 am[22m [36m[1m[vite][22m[39m [32mhmr update [39m[2m/src/App.jsx, /style.css[22m
[2m11:05:51 am[22m [36m[1m[vite][22m[39m [32mhmr update [39m[2m/src/App.jsx, /style.css[22m
[2m11:06:11 am[22m [36m[1m[vite][22m[39m [32mhmr update [39m[2m/src/App.jsx, /style.css[22m
[2m11:06:35 am[22m [36m[1m[vite][22m[39m [32mhmr update [39m[2m/src/App.jsx, /style.css[22m
[2m11:11:28 am[22m [36m[1m[vite][22m[39m [32mhmr update [39m[2m/src/App.jsx, /style.css[22m
[2m11:21:06 am[22m [36m[1m[vite][22m[39m [32mhmr update [39m[2m/src/App.jsx, /style.css[22m
[2m11:21:15 am[22m [36m[1m[vite][22m[39m [32mhmr update [39m[2m/style.css, /src/App.jsx[22m
[2m11:21:24 am[22m [36m[1m[vite][22m[39m [32mhmr update [39m[2m/style.css, /src/App.jsx[22m
[2m11:22:02 am[22m [36m[1m[vite][22m[39m [32mhmr update [39m[2m/src/App.jsx, /style.css[22m
[2m11:22:09 am[22m [36m[1m[vite][22m[39m [32mhmr update [39m[2m/src/App.jsx, /style.css[22m
[2m11:22:31 am[22m [36m[1m[vite][22m[39m [32mhmr update [39m[2m/src/App.jsx, /style.css[22m
[2m11:22:42 am[22m [36m[1m[vite][22m[39m [32mhmr update [39m[2m/src/App.jsx, /style.css[22m
[2m11:22:50 am[22m [36m[1m[vite][22m[39m [32mhmr update [39m[2m/src/App.jsx, /style.css[22m
[2m11:23:02 am[22m [36m[1m[vite][22m[39m [32mhmr update [39m[2m/src/App.jsx, /style.css[22m
[2m11:23:12 am[22m [36m[1m[vite][22m[39m [32mhmr update [39m[2m/src/App.jsx, /style.css[22m
[2m11:23:23 am[22m [36m[1m[vite][22m[39m [32mhmr update [39m[2m/src/App.jsx, /style.css[22m
[2m11:23:35 am[22m [36m[1m[vite][22m[39m [32mhmr update [39m[2m/src/App.jsx, /style.css[22m
[2m11:23:56 am[22m [36m[1m[vite][22m[39m [32mhmr update [39m[2m/src/App.jsx, /style.css[22m
[2m11:24:09 am[22m [36m[1m[vite][22m[39m [32mhmr update [39m[2m/src/App.jsx, /style.css[22m
[2m11:24:19 am[22m [36m[1m[vite][22m[39m [32mhmr update [39m[2m/src/App.jsx, /style.css[22m
[2m11:24:34 am[22m [36m[1m[vite][22m[39m [32mhmr update [39m[2m/src/App.jsx, /style.css[22m
[2m11:24:51 am[22m [36m[1m[vite][22m[39m [32mhmr update [39m[2m/src/App.jsx, /style.css[22m
[2m11:24:59 am[22m [36m[1m[vite][22m[39m [32mhmr update [39m[2m/src/App.jsx, /style.css[22m
[2m11:25:06 am[22m [36m[1m[vite][22m[39m [32mhmr update [39m[2m/src/App.jsx, /style.css[22m
[2m11:25:40 am[22m [36m[1m[vite][22m[39m [32mhmr update [39m[2m/src/App.jsx, /style.css[22m
[2m11:25:48 am[22m [36m[1m[vite][22m[39m [32mhmr update [39m[2m/src/components/Icon.jsx, /style.css[22m
[2m11:26:32 am[22m [36m[1m[vite][22m[39m [32mhmr update [39m[2m/src/App.jsx, /style.css[22m
[2m11:27:00 am[22m [36m[1m[vite][22m[39m [32mhmr update [39m[2m/src/App.jsx, /style.css[22m
[2m11:27:09 am[22m [36m[1m[vite][22m[39m [32mhmr update [39m[2m/src/App.jsx, /style.css[22m
[2m11:28:13 am[22m [36m[1m[vite][22m[39m [32mhmr update [39m[2m/style.css, /src/App.jsx[22m
[2m11:28:44 am[22m [36m[1m[vite][22m[39m [32mhmr update [39m[2m/src/App.jsx, /style.css[22m
[2m11:29:30 am[22m [36m[1m[vite][22m[39m [32mhmr update [39m[2m/src/App.jsx, /style.css[22m
[2m11:29:43 am[22m [36m[1m[vite][22m[39m [32mhmr update [39m[2m/src/App.jsx, /style.css[22m
[2m11:31:25 am[22m [36m[1m[vite][22m[39m [32mhmr update [39m[2m/src/App.jsx, /style.css[22m
[2m11:31:37 am[22m [36m[1m[vite][22m[39m [32mhmr update [39m[2m/src/App.jsx, /style.css[22m
[2m2:54:59 pm[22m [36m[1m[vite][22m[39m [32mhmr update [39m[2m/src/App.jsx, /style.css[22m
[2m3:04:21 pm[22m [36m[1m[vite][22m[39m [32mhmr update [39m[2m/src/App.jsx, /style.css[22m
[2m3:04:49 pm[22m [36m[1m[vite][22m[39m [32mhmr update [39m[2m/src/App.jsx, /style.css[22m
[2m3:05:17 pm[22m [36m[1m[vite][22m[39m [32mhmr update [39m[2m/src/App.jsx, /style.css[22m
[2m3:05:34 pm[22m [36m[1m[vite][22m[39m [32mhmr update [39m[2m/src/App.jsx, /style.css[22m
[2m3:08:50 pm[22m [36m[1m[vite][22m[39m [32mhmr update [39m[2m/src/App.jsx, /style.css[22m
[2m3:09:12 pm[22m [36m[1m[vite][22m[39m [32mhmr update [39m[2m/src/App.jsx, /style.css[22m
[2m3:16:48 pm[22m [36m[1m[vite][22m[39m [32mhmr update [39m[2m/src/App.jsx, /style.css[22m
[2m3:19:23 pm[22m [36m[1m[vite][22m[39m [32mhmr update [39m[2m/style.css[22m
[2m3:19:33 pm[22m [36m[1m[vite][22m[39m [32mhmr update [39m[2m/src/App.jsx, /style.css[22m
[2m3:25:14 pm[22m [36m[1m[vite][22m[39m [32mhmr update [39m[2m/src/App.jsx, /style.css[22m
[2m3:25:24 pm[22m [36m[1m[vite][22m[39m [32mhmr update [39m[2m/style.css, /src/App.jsx[22m
[2m3:36:54 pm[22m [36m[1m[vite][22m[39m [32mhmr update [39m[2m/src/App.jsx, /style.css[22m
[2m3:41:28 pm[22m [36m[1m[vite][22m[39m [32mhmr update [39m[2m/src/App.jsx, /style.css[22m
[2m3:47:22 pm[22m [36m[1m[vite][22m[39m [32mhmr update [39m[2m/style.css, /src/App.jsx[22m
[2m3:48:26 pm[22m [36m[1m[vite][22m[39m [32mhmr update [39m[2m/src/App.jsx, /style.css[22m
[2m3:48:35 pm[22m [36m[1m[vite][22m[39m [32mhmr update [39m[2m/src/App.jsx, /style.css[22m
[2m3:48:47 pm[22m [36m[1m[vite][22m[39m [32mhmr update [39m[2m/src/App.jsx, /style.css[22m
[2m3:49:06 pm[22m [36m[1m[vite][22m[39m [32mhmr update [39m[2m/src/App.jsx, /style.css[22m
[2m3:49:20 pm[22m [36m[1m[vite][22m[39m [32mhmr update [39m[2m/src/App.jsx, /style.css[22m
[2m3:49:28 pm[22m [36m[1m[vite][22m[39m [32mhmr update [39m[2m/src/App.jsx, /style.css[22m
[2m3:49:37 pm[22m [36m[1m[vite][22m[39m [32mhmr update [39m[2m/src/App.jsx, /style.css[22m
[2m3:53:18 pm[22m [36m[1m[vite][22m[39m [32mhmr update [39m[2m/src/App.jsx, /style.css[22m
[2m3:58:44 pm[22m [36m[1m[vite][22m[39m [32mhmr update [39m[2m/src/App.jsx, /style.css[22m
[2m4:03:00 pm[22m [36m[1m[vite][22m[39m [32mhmr update [39m[2m/src/App.jsx, /style.css[22m
[2m4:03:14 pm[22m [36m[1m[vite][22m[39m [32mhmr update [39m[2m/src/App.jsx, /style.css[22m
[2m4:03:26 pm[22m [36m[1m[vite][22m[39m [32mhmr update [39m[2m/src/App.jsx, /style.css[22m
[2m4:21:56 pm[22m [36m[1m[vite][22m[39m [32mhmr update [39m[2m/src/App.jsx, /style.css[22m
[2m4:22:05 pm[22m [36m[1m[vite][22m[39m [32mhmr update [39m[2m/src/App.jsx, /style.css[22m
[2m4:22:14 pm[22m [36m[1m[vite][22m[39m [32mhmr update [39m[2m/src/App.jsx, /style.css[22m
[2m4:22:22 pm[22m [36m[1m[vite][22m[39m [32mhmr update [39m[2m/src/App.jsx, /style.css[22m
[2m4:22:32 pm[22m [36m[1m[vite][22m[39m [32mhmr update [39m[2m/style.css, /src/App.jsx[22m
[2m4:22:45 pm[22m [36m[1m[vite][22m[39m [32mhmr update [39m[2m/src/App.jsx, /style.css[22m
[2m4:22:57 pm[22m [36m[1m[vite][22m[39m [32mhmr update [39m[2m/src/App.jsx, /style.css[22m
[2m4:23:11 pm[22m [36m[1m[vite][22m[39m [32mhmr update [39m[2m/src/App.jsx, /style.css[22m
[2m4:23:34 pm[22m [36m[1m[vite][22m[39m [32mhmr update [39m[2m/src/App.jsx, /style.css[22m
[2m4:24:06 pm[22m [36m[1m[vite][22m[39m [32mhmr update [39m[2m/src/App.jsx, /style.css[22m
[2m4:24:19 pm[22m [36m[1m[vite][22m[39m [32mhmr update [39m[2m/src/App.jsx, /style.css[22m
[2m4:24:31 pm[22m [36m[1m[vite][22m[39m [32mhmr update [39m[2m/src/App.jsx, /style.css[22m
